2023-12-22 11:22:00 - Current timezone: Europe/Dublin
2023-12-22 11:22:00 - Current time: 2023-12-22 11:22:00
2023-12-22 11:22:00 - Last attempt time: 1970-01-01 01:00:00
2023-12-22 11:22:00 - time difference: 1703240520
2023-12-22 11:22:01 - Successful login for user: yuvaraj_mohan
2023-12-22 12:22:04 - Account logout for user: 
2023-12-22 11:27:06 - Current timezone: Europe/Dublin
2023-12-22 11:27:06 - Current time: 2023-12-22 11:27:06
2023-12-22 11:27:06 - Last attempt time: 1970-01-01 01:00:00
2023-12-22 11:27:06 - time difference: 1703240826
2023-12-22 11:27:06 - Successful login for user: yuvaraj_mohan
2023-12-22 12:28:11 - Account logout for user: 
2023-12-22 11:37:46 - Current timezone: Europe/Dublin
2023-12-22 11:37:46 - Current time: 2023-12-22 11:37:46
2023-12-22 11:37:46 - Last attempt time: 1970-01-01 01:00:00
2023-12-22 11:37:46 - time difference: 1703241466
2023-12-22 11:37:46 - Successful login for user: yuvaraj_mohan
2023-12-22 12:37:49 - Account logout for user: 
2023-12-22 11:38:41 - Current timezone: Europe/Dublin
2023-12-22 11:38:41 - Current time: 2023-12-22 11:38:41
2023-12-22 11:38:41 - Last attempt time: 1970-01-01 01:00:00
2023-12-22 11:38:41 - time difference: 1703241521
2023-12-22 11:38:41 - Successful login for user: yuvaraj_mohan
2023-12-22 12:39:11 - Account logout for user: 
2023-12-22 11:44:19 - Current timezone: Europe/Dublin
2023-12-22 11:44:19 - Current time: 2023-12-22 11:44:19
2023-12-22 11:44:19 - Last attempt time: 1970-01-01 01:00:00
2023-12-22 11:44:19 - time difference: 1703241859
2023-12-22 11:44:19 - Successful login for user: yuvaraj_mohan
2023-12-22 12:44:52 - Account logout for user: 
2023-12-22 12:02:22 - Current timezone: Europe/Dublin
2023-12-22 12:02:22 - Current time: 2023-12-22 12:02:22
2023-12-22 12:02:22 - Last attempt time: 1970-01-01 01:00:00
2023-12-22 12:02:22 - time difference: 1703242942
2023-12-22 12:02:22 - Failed login attempt for user: yuvaraj_mohan
2023-12-22 12:02:22 - updated time in DB: 
                                    2023-12-22 12:02:22
2023-12-22 12:04:43 - Current timezone: Europe/Dublin
2023-12-22 12:04:43 - Current time: 2023-12-22 12:04:43
2023-12-22 12:04:43 - Last attempt time: 2023-12-22 11:02:22
2023-12-22 12:04:43 - time difference: 141
2023-12-22 12:04:43 - Failed login attempt for user: yuvaraj_mohan
2023-12-22 12:04:43 - updated time in DB: 
                                    2023-12-22 12:04:43
2023-12-22 12:05:12 - Current timezone: Europe/Dublin
2023-12-22 12:05:12 - Current time: 2023-12-22 12:05:12
2023-12-22 12:05:12 - Last attempt time: 2023-12-22 11:04:43
2023-12-22 12:05:12 - time difference: 29
2023-12-22 12:05:12 - Successful login for user: yuvaraj_mohan
2023-12-22 13:05:15 - Account logout for user: 
2023-12-22 12:09:11 - Current timezone: Europe/Dublin
2023-12-22 12:09:11 - Current time: 2023-12-22 12:09:11
2023-12-22 12:09:11 - Last attempt time: 1970-01-01 01:00:00
2023-12-22 12:09:11 - time difference: 1703243351
2023-12-22 12:09:12 - Failed login attempt for user: yuvaraj_mohan
2023-12-22 12:09:12 - updated time in DB: 
                                    2023-12-22 12:09:12
2023-12-22 12:11:15 - Current timezone: Europe/Dublin
2023-12-22 12:11:15 - Current time: 2023-12-22 12:11:15
2023-12-22 12:11:15 - Last attempt time: 2023-12-22 11:09:12
2023-12-22 12:11:15 - time difference: 123
2023-12-22 12:11:15 - Failed login attempt for user: yuvaraj_mohan
2023-12-22 12:11:15 - updated time in DB: 
                                    2023-12-22 12:11:15
2023-12-22 12:17:04 - Current timezone: Europe/Dublin
2023-12-22 12:17:04 - Current time: 2023-12-22 12:17:04
2023-12-22 12:17:04 - Last attempt time: 2023-12-22 11:11:15
2023-12-22 12:17:04 - time difference: 349
2023-12-22 12:17:04 - Successful login for user: yuvaraj_mohan
2023-12-22 13:17:07 - Account logout for user: 
2023-12-22 12:20:45 - Current timezone: Europe/Dublin
2023-12-22 12:20:45 - Current time: 2023-12-22 12:20:45
2023-12-22 12:20:45 - Last attempt time: 1970-01-01 01:00:00
2023-12-22 12:20:45 - time difference: 1703244045
2023-12-22 12:20:45 - Failed login attempt for user: yuvaraj_mohan
2023-12-22 12:20:45 - updated time in DB: 
                                    2023-12-22 12:20:45
2023-12-22 12:21:32 - Current timezone: Europe/Dublin
2023-12-22 12:21:32 - Current time: 2023-12-22 12:21:32
2023-12-22 12:21:32 - Last attempt time: 2023-12-22 11:20:45
2023-12-22 12:21:32 - time difference: 47
2023-12-22 12:21:32 - Failed login attempt for user: yuvaraj_mohan
2023-12-22 12:21:32 - updated time in DB: 
                                    2023-12-22 12:21:32
2023-12-22 13:35:10 - New user added: lockouttest
2023-12-22 12:53:58 - Current timezone: Europe/Dublin
2023-12-22 12:53:58 - Current time: 2023-12-22 12:53:58
2023-12-22 12:53:58 - Last attempt time: 2023-12-22 11:21:32
2023-12-22 12:53:58 - time difference: 1946
2023-12-22 12:53:58 - Successful login for user: yuvaraj_mohan
2023-12-22 13:54:48 - Account logout for user: 
2023-12-22 13:03:52 - Current timezone: Europe/Dublin
2023-12-22 13:03:52 - Current time: 2023-12-22 13:03:52
2023-12-22 13:03:52 - Last attempt time: 1970-01-01 01:00:00
2023-12-22 13:03:52 - time difference: 1703246632
2023-12-22 13:03:52 - Failed login attempt for user: asdasd
2023-12-22 13:03:52 - updated time in DB: 
                                    2023-12-22 13:03:52
2023-12-22 13:04:15 - Current timezone: Europe/Dublin
2023-12-22 13:04:15 - Current time: 2023-12-22 13:04:15
2023-12-22 13:04:15 - Last attempt time: 1970-01-01 01:00:00
2023-12-22 13:04:15 - time difference: 1703246655
2023-12-22 13:04:15 - Failed login attempt for user: sdasdas
2023-12-22 13:04:15 - updated time in DB: 
                                    2023-12-22 13:04:15
2023-12-22 13:04:30 - Current timezone: Europe/Dublin
2023-12-22 13:04:30 - Current time: 2023-12-22 13:04:30
2023-12-22 13:04:30 - Last attempt time: 1970-01-01 01:00:00
2023-12-22 13:04:30 - time difference: 1703246670
2023-12-22 13:04:30 - updated time in DB: 
                                    2023-12-22 13:04:30
2023-12-22 13:05:15 - Current timezone: Europe/Dublin
2023-12-22 13:05:15 - Current time: 2023-12-22 13:05:15
2023-12-22 13:05:15 - Last attempt time: 1970-01-01 01:00:00
2023-12-22 13:05:15 - time difference: 1703246715
2023-12-22 13:05:15 - Successful login for user: lockouttest
2023-12-22 14:05:18 - Account logout for user: 
2023-12-22 13:07:58 - Current timezone: Europe/Dublin
2023-12-22 13:07:58 - Current time: 2023-12-22 13:07:58
2023-12-22 13:07:58 - Last attempt time: 2023-12-22 12:04:30
2023-12-22 13:07:58 - time difference: 208
2023-12-22 13:07:58 - Successful login for user: Madhu
2023-12-22 14:08:02 - Account logout for user: 
2023-12-22 13:11:56 - Current timezone: Europe/Dublin
2023-12-22 13:11:56 - Current time: 2023-12-22 13:11:56
2023-12-22 13:11:56 - Last attempt time: 1970-01-01 01:00:00
2023-12-22 13:11:56 - time difference: 1703247116
2023-12-22 13:11:56 - Failed login attempt for user: Madhu
2023-12-22 13:11:56 - updated time in DB: 
                                    2023-12-22 13:11:56
2023-12-22 13:18:00 - Current timezone: Europe/Dublin
2023-12-22 13:18:00 - Current time: 2023-12-22 13:18:00
2023-12-22 13:18:00 - Last attempt time: 1970-01-01 01:00:00
2023-12-22 13:18:00 - time difference: 1703247480
2023-12-22 13:18:00 - Failed login attempt for user: 
2023-12-22 13:18:00 - updated time in DB: 
                                    2023-12-22 13:18:00
2023-12-22 13:18:18 - Current timezone: Europe/Dublin
2023-12-22 13:18:18 - Current time: 2023-12-22 13:18:18
2023-12-22 13:18:18 - Last attempt time: 1970-01-01 01:00:00
2023-12-22 13:18:18 - time difference: 1703247498
2023-12-22 13:18:18 - Failed login attempt for user: yuvaraj_mohan
2023-12-22 13:18:18 - updated time in DB: 
                                    2023-12-22 13:18:18
2023-12-22 13:25:16 - Current timezone: Europe/Dublin
2023-12-22 13:25:16 - Current time: 2023-12-22 13:25:16
2023-12-22 13:25:16 - Last attempt time: 1970-01-01 01:00:00
2023-12-22 13:25:16 - time difference: 1703247916
2023-12-22 13:25:16 - Successful login for user: lockouttest
2023-12-22 14:25:19 - Account logout for user: 
2023-12-22 13:25:31 - Current timezone: Europe/Dublin
2023-12-22 13:25:31 - Current time: 2023-12-22 13:25:31
2023-12-22 13:25:31 - Last attempt time: 1970-01-01 01:00:00
2023-12-22 13:25:31 - time difference: 1703247931
2023-12-22 13:25:31 - Failed login attempt for user: lockouttest
2023-12-22 13:25:31 - updated time in DB: 
                                    2023-12-22 13:25:31
2023-12-22 13:26:18 - Current timezone: Europe/Dublin
2023-12-22 13:26:18 - Current time: 2023-12-22 13:26:18
2023-12-22 13:26:18 - Last attempt time: 2023-12-22 12:18:18
2023-12-22 13:26:18 - time difference: 480
2023-12-22 13:26:18 - Failed login attempt for user: yuvaraj_mohan
2023-12-22 13:26:18 - updated time in DB: 
                                    2023-12-22 13:26:18
2023-12-22 13:26:30 - Current timezone: Europe/Dublin
2023-12-22 13:26:30 - Current time: 2023-12-22 13:26:30
2023-12-22 13:26:30 - Last attempt time: 2023-12-22 12:26:18
2023-12-22 13:26:30 - time difference: 12
2023-12-22 13:26:31 - Failed login attempt for user: yuvaraj_mohan
2023-12-22 13:26:31 - updated time in DB: 
                                    2023-12-22 13:26:31
2023-12-22 13:26:44 - Current timezone: Europe/Dublin
2023-12-22 13:26:44 - Current time: 2023-12-22 13:26:44
2023-12-22 13:26:44 - Last attempt time: 2023-12-22 12:26:31
2023-12-22 13:26:44 - time difference: 13
2023-12-22 13:26:44 - Failed login attempt for user(max attempt): yuvaraj_mohan
2023-12-22 13:32:00 - Current timezone: Europe/Dublin
2023-12-22 13:32:00 - Current time: 2023-12-22 13:32:00
2023-12-22 13:32:00 - Last attempt time: 2023-12-22 12:25:31
2023-12-22 13:32:00 - time difference: 389
2023-12-22 13:32:00 - Successful login for user: lockouttest
2023-12-22 14:32:03 - Account logout for user: 
2023-12-22 13:37:55 - Current timezone: Europe/Dublin
2023-12-22 13:37:55 - Current time: 2023-12-22 13:37:55
2023-12-22 13:37:55 - Last attempt time: 2023-12-21 23:28:06
2023-12-22 13:37:55 - time difference: 47389
2023-12-22 13:37:55 - Successful login for user: yuvaraj
2023-12-22 14:38:09 - Account logout for user: 
2023-12-22 13:39:34 - Current timezone: Europe/Dublin
2023-12-22 13:39:34 - Current time: 2023-12-22 13:39:34
2023-12-22 13:39:34 - Last attempt time: 1970-01-01 01:00:00
2023-12-22 13:39:34 - time difference: 1703248774
2023-12-22 13:39:34 - Successful login for user: yuvaraj
2023-12-22 14:41:29 - Account logout for user: 
2023-12-22 13:41:46 - Current timezone: Europe/Dublin
2023-12-22 13:41:46 - Current time: 2023-12-22 13:41:46
2023-12-22 13:41:46 - Last attempt time: 1970-01-01 01:00:00
2023-12-22 13:41:46 - time difference: 1703248906
2023-12-22 13:41:46 - Successful login for user: yuvaraj
2023-12-22 15:02:36 - Account logout for user: 
2023-12-22 14:03:55 - Current timezone: Europe/Dublin
2023-12-22 14:03:55 - Current time: 2023-12-22 14:03:55
2023-12-22 14:03:55 - Last attempt time: 1970-01-01 01:00:00
2023-12-22 14:03:55 - time difference: 1703250235
2023-12-22 14:03:55 - Successful login for user: yuvaraj
2023-12-22 14:07:25 - Current timezone: Europe/Dublin
2023-12-22 14:07:25 - Current time: 2023-12-22 14:07:25
2023-12-22 14:07:25 - Last attempt time: 1970-01-01 01:00:00
2023-12-22 14:07:25 - time difference: 1703250445
2023-12-22 14:07:25 - Successful login for user: lockouttest
2023-12-22 14:10:39 - Current timezone: Europe/Dublin
2023-12-22 14:10:39 - Current time: 2023-12-22 14:10:39
2023-12-22 14:10:39 - Last attempt time: 1970-01-01 01:00:00
2023-12-22 14:10:39 - time difference: 1703250639
2023-12-22 14:10:39 - Successful login for user: lockouttest
2023-12-22 15:11:46 - Account logout for user: 
2023-12-22 14:12:01 - Current timezone: Europe/Dublin
2023-12-22 14:12:01 - Current time: 2023-12-22 14:12:01
2023-12-22 14:12:01 - Last attempt time: 1970-01-01 01:00:00
2023-12-22 14:12:01 - time difference: 1703250721
2023-12-22 14:12:01 - Failed login attempt for user: lockouttest
2023-12-22 14:12:01 - updated time in DB: 
                                    2023-12-22 14:12:01
2023-12-22 14:12:11 - Current timezone: Europe/Dublin
2023-12-22 14:12:11 - Current time: 2023-12-22 14:12:11
2023-12-22 14:12:11 - Last attempt time: 2023-12-22 12:11:56
2023-12-22 14:12:11 - time difference: 3615
2023-12-22 14:12:12 - Successful login for user: Madhu
2023-12-22 15:24:33 - New user added: test user
2023-12-22 15:33:20 - New user added: test user
2023-12-22 15:36:54 - New user added: test user1
2023-12-22 15:45:58 - Account logout for user: 
2023-12-22 15:49:54 - Account logout for user: 
2023-12-22 14:52:07 - Current timezone: Europe/Dublin
2023-12-22 14:52:07 - Current time: 2023-12-22 14:52:07
2023-12-22 14:52:07 - Last attempt time: 1970-01-01 01:00:00
2023-12-22 14:52:07 - time difference: 1703253127
2023-12-22 14:52:07 - Successful login for user: yuvaraj
2023-12-22 15:53:28 - Account logout for user: 
